# Logfile created on 2025-07-07 15:56:48 -0400 by logger.rb/v1.5.3
I, [2025-07-07T15:56:48.235357 #25556]  INFO -- : Running example 'Verifying a pact between TracerailActionCenter and TracerailAPI Given a case with ID ER-2024-08-124 exists a request for a single case with GET /api/v1/cases/ER-2024-08-124 returns a response which has status code 200'
I, [2025-07-07T15:56:48.235471 #25556]  INFO -- : Sending GET request to path: "/api/v1/cases/ER-2024-08-124" with headers: {"HTTP_ACCEPT"=>"application/json", "HTTP_X_PACT_ORIGINAL_HEADER_NAMES"=>"Accept", "X_PACT_PROVIDER_STATES"=>[{"name"=>"a case with ID ER-2024-08-124 exists"}]}, see debug logs for body
I, [2025-07-07T15:56:48.240779 #25556]  INFO -- : Received response with status: 200, headers: {"Date"=>"Mon, 07 Jul 2025 19:56:47 GMT", "Server"=>"uvicorn", "Content-Length"=>"1307", "Content-Type"=>"application/json"}, see debug logs for body
I, [2025-07-07T16:00:32.563568 #26061]  INFO -- : Running example 'Verifying a pact between TracerailActionCenter and TracerailAPI Given a case with ID ER-2024-08-124 exists a request for a single case with GET /api/v1/cases/ER-2024-08-124 returns a response which has status code 200'
I, [2025-07-07T16:00:32.563672 #26061]  INFO -- : Sending GET request to path: "/api/v1/cases/ER-2024-08-124" with headers: {"HTTP_ACCEPT"=>"application/json", "HTTP_X_PACT_ORIGINAL_HEADER_NAMES"=>"Accept", "X_PACT_PROVIDER_STATES"=>[{"name"=>"a case with ID ER-2024-08-124 exists"}]}, see debug logs for body
I, [2025-07-07T16:00:32.568771 #26061]  INFO -- : Received response with status: 200, headers: {"Date"=>"Mon, 07 Jul 2025 20:00:32 GMT", "Server"=>"uvicorn", "Content-Length"=>"1307", "Content-Type"=>"application/json"}, see debug logs for body
I, [2025-07-07T16:03:57.418846 #26742]  INFO -- : Running example 'Verifying a pact between TracerailActionCenter and TracerailAPI Given a case with ID ER-2024-08-124 exists a request for a single case with GET /api/v1/cases/ER-2024-08-124 returns a response which has status code 200'
I, [2025-07-07T16:03:57.418969 #26742]  INFO -- : Sending GET request to path: "/api/v1/cases/ER-2024-08-124" with headers: {"HTTP_ACCEPT"=>"application/json", "HTTP_X_PACT_ORIGINAL_HEADER_NAMES"=>"Accept", "X_PACT_PROVIDER_STATES"=>[{"name"=>"a case with ID ER-2024-08-124 exists"}]}, see debug logs for body
I, [2025-07-07T16:03:57.424061 #26742]  INFO -- : Received response with status: 200, headers: {"Date"=>"Mon, 07 Jul 2025 20:03:57 GMT", "Server"=>"uvicorn", "Content-Length"=>"1307", "Content-Type"=>"application/json"}, see debug logs for body
I, [2025-07-07T17:23:47.841892 #32318]  INFO -- : Running example 'Verifying a pact between TracerailActionCenter and TracerailAPI Given a case with ID ER-2024-08-124 exists a request for a single case with GET /api/v1/cases/ER-2024-08-124 returns a response which has status code 200'
I, [2025-07-07T17:23:47.842042 #32318]  INFO -- : Sending GET request to path: "/api/v1/cases/ER-2024-08-124" with headers: {"HTTP_ACCEPT"=>"application/json", "HTTP_X_PACT_ORIGINAL_HEADER_NAMES"=>"Accept", "X_PACT_PROVIDER_STATES"=>[{"name"=>"a case with ID ER-2024-08-124 exists"}]}, see debug logs for body
I, [2025-07-07T17:23:47.879633 #32318]  INFO -- : Received response with status: 200, headers: {"Date"=>"Mon, 07 Jul 2025 21:23:47 GMT", "Server"=>"uvicorn", "Content-Length"=>"1048", "Content-Type"=>"application/json"}, see debug logs for body
I, [2025-07-07T18:10:51.143674 #9197]  INFO -- : Running example 'Verifying a pact between TracerailActionCenter and TracerailAPI Given a case with ID ER-2024-08-124 exists a request for a single case with GET /api/v1/cases/ER-2024-08-124 returns a response which has status code 200'
I, [2025-07-07T18:10:51.143779 #9197]  INFO -- : Sending GET request to path: "/api/v1/cases/ER-2024-08-124" with headers: {"HTTP_ACCEPT"=>"application/json", "HTTP_X_PACT_ORIGINAL_HEADER_NAMES"=>"Accept", "X_PACT_PROVIDER_STATES"=>[{"name"=>"a case with ID ER-2024-08-124 exists"}]}, see debug logs for body
I, [2025-07-07T18:10:51.149285 #9197]  INFO -- : Received response with status: 503, headers: {"Date"=>"Mon, 07 Jul 2025 22:10:50 GMT", "Server"=>"uvicorn", "Content-Length"=>"46", "Content-Type"=>"application/json"}, see debug logs for body
I, [2025-07-07T18:12:59.077384 #9913]  INFO -- : Running example 'Verifying a pact between TracerailActionCenter and TracerailAPI Given a case with ID ER-2024-08-124 exists a request for a single case with GET /api/v1/cases/ER-2024-08-124 returns a response which has status code 200'
I, [2025-07-07T18:12:59.077529 #9913]  INFO -- : Sending GET request to path: "/api/v1/cases/ER-2024-08-124" with headers: {"HTTP_ACCEPT"=>"application/json", "HTTP_X_PACT_ORIGINAL_HEADER_NAMES"=>"Accept", "X_PACT_PROVIDER_STATES"=>[{"name"=>"a case with ID ER-2024-08-124 exists"}]}, see debug logs for body
I, [2025-07-07T18:12:59.092357 #9913]  INFO -- : Received response with status: 404, headers: {"Date"=>"Mon, 07 Jul 2025 22:12:58 GMT", "Server"=>"uvicorn", "Content-Length"=>"53", "Content-Type"=>"application/json"}, see debug logs for body
I, [2025-07-07T18:18:59.438153 #11820]  INFO -- : Running example 'Verifying a pact between TracerailActionCenter and TracerailAPI Given a case with ID ER-2024-08-124 exists a request for a single case with GET /api/v1/cases/ER-2024-08-124 returns a response which has status code 200'
I, [2025-07-07T18:18:59.438298 #11820]  INFO -- : Sending GET request to path: "/api/v1/cases/ER-2024-08-124" with headers: {"HTTP_ACCEPT"=>"application/json", "HTTP_X_PACT_ORIGINAL_HEADER_NAMES"=>"Accept", "X_PACT_PROVIDER_STATES"=>[{"name"=>"a case with ID ER-2024-08-124 exists"}]}, see debug logs for body
I, [2025-07-07T18:18:59.450334 #11820]  INFO -- : Received response with status: 200, headers: {"Date"=>"Mon, 07 Jul 2025 22:18:58 GMT", "Server"=>"uvicorn", "Content-Length"=>"1307", "Content-Type"=>"application/json"}, see debug logs for body
I, [2025-07-07T18:25:42.007654 #13660]  INFO -- : Running example 'Verifying a pact between TracerailActionCenter and TracerailAPI Given a case with ID ER-2024-08-124 exists a request for a single case with GET /api/v1/cases/ER-2024-08-124 returns a response which has status code 200'
I, [2025-07-07T18:25:42.007768 #13660]  INFO -- : Sending GET request to path: "/api/v1/cases/ER-2024-08-124" with headers: {"HTTP_ACCEPT"=>"application/json", "HTTP_X_PACT_ORIGINAL_HEADER_NAMES"=>"Accept", "X_PACT_PROVIDER_STATES"=>[{"name"=>"a case with ID ER-2024-08-124 exists"}]}, see debug logs for body
I, [2025-07-07T18:25:42.013618 #13660]  INFO -- : Received response with status: 503, headers: {"Date"=>"Mon, 07 Jul 2025 22:25:41 GMT", "Server"=>"uvicorn", "Content-Length"=>"46", "Content-Type"=>"application/json"}, see debug logs for body
I, [2025-07-11T18:07:48.789423 #9766]  INFO -- : Running example 'Verifying a pact between TracerailActionCenter and TracerailAPI Given a case with ID ER-2024-08-124 exists a request for a single case with GET /api/v1/cases/ER-2024-08-124 returns a response which has status code 200'
I, [2025-07-11T18:07:48.789555 #9766]  INFO -- : Sending GET request to path: "/api/v1/cases/ER-2024-08-124" with headers: {"HTTP_ACCEPT"=>"application/json", "HTTP_X_PACT_ORIGINAL_HEADER_NAMES"=>"Accept", "X_PACT_PROVIDER_STATES"=>[{"name"=>"a case with ID ER-2024-08-124 exists"}]}, see debug logs for body
I, [2025-07-11T18:08:18.800179 #9766]  INFO -- : Received response with status: 404, headers: {"Date"=>"Fri, 11 Jul 2025 22:07:47 GMT", "Server"=>"uvicorn", "Content-Length"=>"53", "Content-Type"=>"application/json"}, see debug logs for body
I, [2025-07-11T19:20:36.841828 #38775]  INFO -- : Running example 'Verifying a pact between TracerailActionCenter and TracerailAPI Given a case with ID ER-2024-08-124 exists a request for a single case with GET /api/v1/cases/ER-2024-08-124 returns a response which has status code 200'
I, [2025-07-11T19:20:36.841937 #38775]  INFO -- : Sending GET request to path: "/api/v1/cases/ER-2024-08-124" with headers: {"HTTP_ACCEPT"=>"application/json", "HTTP_X_PACT_ORIGINAL_HEADER_NAMES"=>"Accept", "X_PACT_PROVIDER_STATES"=>[{"name"=>"a case with ID ER-2024-08-124 exists"}]}, see debug logs for body
I, [2025-07-11T19:21:06.850848 #38775]  INFO -- : Received response with status: 404, headers: {"Date"=>"Fri, 11 Jul 2025 23:20:36 GMT", "Server"=>"uvicorn", "Content-Length"=>"53", "Content-Type"=>"application/json"}, see debug logs for body
I, [2025-07-11T19:22:31.577831 #39634]  INFO -- : Running example 'Verifying a pact between TracerailActionCenter and TracerailAPI Given a case with ID ER-2024-08-124 exists a request for a single case with GET /api/v1/cases/ER-2024-08-124 returns a response which has status code 200'
I, [2025-07-11T19:22:31.577955 #39634]  INFO -- : Sending GET request to path: "/api/v1/cases/ER-2024-08-124" with headers: {"HTTP_ACCEPT"=>"application/json", "HTTP_X_PACT_ORIGINAL_HEADER_NAMES"=>"Accept", "X_PACT_PROVIDER_STATES"=>[{"name"=>"a case with ID ER-2024-08-124 exists"}]}, see debug logs for body
I, [2025-07-11T19:23:01.585967 #39634]  INFO -- : Received response with status: 404, headers: {"Date"=>"Fri, 11 Jul 2025 23:22:30 GMT", "Server"=>"uvicorn", "Content-Length"=>"53", "Content-Type"=>"application/json"}, see debug logs for body
